  mainForm.cpp
D:\BKHN\Ky_20212\CTDL&DT\BTL_3\Dictionary\mainForm.h(84,21): warning C4477: 'sprintf' : format string '%s' requires an argument of type 'char *', but variadic argument 1 has type 'System::String ^'
D:\BKHN\Ky_20212\CTDL&DT\BTL_3\Dictionary\mainForm.h(84,7): warning C4996: 'sprintf': This function or variable may be unsafe. Consider using sprintf_s instead. To disable deprecation, use _CRT_SECURE_NO_WARNINGS. See online help for details.
D:\BKHN\Ky_20212\CTDL&DT\BTL_3\Dictionary\mainForm.h(86,6): warning C4996: 'sscanf': This function or variable may be unsafe. Consider using sscanf_s instead. To disable deprecation, use _CRT_SECURE_NO_WARNINGS. See online help for details.
D:\BKHN\Ky_20212\CTDL&DT\BTL_3\Dictionary\mainForm.h(391,18): warning C4477: 'sprintf' : format string '%s' requires an argument of type 'char *', but variadic argument 1 has type 'System::String ^'
D:\BKHN\Ky_20212\CTDL&DT\BTL_3\Dictionary\mainForm.h(393,18): warning C4477: 'sprintf' : format string '%s' requires an argument of type 'char *', but variadic argument 1 has type 'System::String ^'
D:\BKHN\Ky_20212\CTDL&DT\BTL_3\Dictionary\mainForm.h(391,3): warning C4996: 'sprintf': This function or variable may be unsafe. Consider using sprintf_s instead. To disable deprecation, use _CRT_SECURE_NO_WARNINGS. See online help for details.
D:\BKHN\Ky_20212\CTDL&DT\BTL_3\Dictionary\mainForm.h(393,3): warning C4996: 'sprintf': This function or variable may be unsafe. Consider using sprintf_s instead. To disable deprecation, use _CRT_SECURE_NO_WARNINGS. See online help for details.
D:\BKHN\Ky_20212\CTDL&DT\BTL_3\Dictionary\mainForm.h(425,18): warning C4477: 'sprintf' : format string '%s' requires an argument of type 'char *', but variadic argument 1 has type 'System::String ^'
D:\BKHN\Ky_20212\CTDL&DT\BTL_3\Dictionary\mainForm.h(455,18): warning C4477: 'sprintf' : format string '%s' requires an argument of type 'char *', but variadic argument 1 has type 'System::String ^'
D:\BKHN\Ky_20212\CTDL&DT\BTL_3\Dictionary\mainForm.h(457,18): warning C4477: 'sprintf' : format string '%s' requires an argument of type 'char *', but variadic argument 1 has type 'System::String ^'
D:\BKHN\Ky_20212\CTDL&DT\BTL_3\Dictionary\mainForm.h(476,19): warning C4477: 'sprintf' : format string '%s' requires an argument of type 'char *', but variadic argument 1 has type 'System::String ^'
D:\BKHN\Ky_20212\CTDL&DT\BTL_3\Dictionary\mainForm.h(425,4): warning C4996: 'sprintf': This function or variable may be unsafe. Consider using sprintf_s instead. To disable deprecation, use _CRT_SECURE_NO_WARNINGS. See online help for details.
D:\BKHN\Ky_20212\CTDL&DT\BTL_3\Dictionary\mainForm.h(426,3): warning C4996: 'sscanf': This function or variable may be unsafe. Consider using sscanf_s instead. To disable deprecation, use _CRT_SECURE_NO_WARNINGS. See online help for details.
D:\BKHN\Ky_20212\CTDL&DT\BTL_3\Dictionary\mainForm.h(455,3): warning C4996: 'sprintf': This function or variable may be unsafe. Consider using sprintf_s instead. To disable deprecation, use _CRT_SECURE_NO_WARNINGS. See online help for details.
D:\BKHN\Ky_20212\CTDL&DT\BTL_3\Dictionary\mainForm.h(457,3): warning C4996: 'sprintf': This function or variable may be unsafe. Consider using sprintf_s instead. To disable deprecation, use _CRT_SECURE_NO_WARNINGS. See online help for details.
D:\BKHN\Ky_20212\CTDL&DT\BTL_3\Dictionary\mainForm.h(476,5): warning C4996: 'sprintf': This function or variable may be unsafe. Consider using sprintf_s instead. To disable deprecation, use _CRT_SECURE_NO_WARNINGS. See online help for details.
D:\BKHN\Ky_20212\CTDL&DT\BTL_3\Dictionary\mainForm.h(478,4): warning C4996: 'sscanf': This function or variable may be unsafe. Consider using sscanf_s instead. To disable deprecation, use _CRT_SECURE_NO_WARNINGS. See online help for details.
D:\BKHN\Ky_20212\CTDL&DT\BTL_3\Dictionary\mainForm.cpp(7,33): warning C4829: Possibly incorrect parameters to function main. Consider 'int main(Platform::Array<Platform::String^>^ argv)'
  mainForm.obj : MSIL module encountered; incremental linking is disabled for MSIL; performing full link
  Dictionary.vcxproj -> D:\BKHN\Ky_20212\CTDL&DT\BTL_3\x64\Debug\Dictionary.exe
